[23:41:57] [main/INFO]: Loading Minecraft 1.20.1 with Fabric Loader 0.19.2
[23:41:57] [main/INFO]: Fabric is preparing JARs on first launch, this may take a few seconds...
[23:41:57] [main/INFO]: Loading 59 mods:
	- fabric-api 0.92.9+1.20.1
	   |-- fabric-api-base 0.4.32+1802ada577
	   |-- fabric-api-lookup-api-v1 1.6.37+1802ada577
	   |-- fabric-biome-api-v1 13.0.15+93aa238b77
	   |-- fabric-block-api-v1 1.0.12+1802ada577
	   |-- fabric-block-view-api-v2 1.0.3+924f046a77
	   |-- fabric-blockrenderlayer-v1 1.1.42+1802ada577
	   |-- fabric-client-tags-api-v1 1.1.3+1802ada577
	   |-- fabric-command-api-v1 1.2.35+f71b366f77
	   |-- fabric-command-api-v2 2.2.14+1802ada577
	   |-- fabric-commands-v0 0.2.52+df3654b377
	   |-- fabric-containers-v0 0.1.68+df3654b377
	   |-- fabric-content-registries-v0 4.0.13+1802ada577
	   |-- fabric-convention-tags-v1 1.5.6+1802ada577
	   |-- fabric-crash-report-info-v1 0.2.20+1802ada577
	   |-- fabric-data-attachment-api-v1 1.0.2+de0fd6d177
	   |-- fabric-data-generation-api-v1 12.3.9+1802ada577
	   |-- fabric-dimensions-v1 2.1.55+1802ada577
	   |-- fabric-entity-events-v1 1.6.1+1c78457f77
	   |-- fabric-events-interaction-v0 0.6.6+13a40c6677
	   |-- fabric-events-lifecycle-v0 0.2.64+df3654b377
	   |-- fabric-game-rule-api-v1 1.0.41+1802ada577
	   |-- fabric-item-api-v1 2.1.29+1802ada577
	   |-- fabric-item-group-api-v1 4.0.14+1802ada577
	   |-- fabric-key-binding-api-v1 1.0.38+1802ada577
	   |-- fabric-keybindings-v0 0.2.36+df3654b377
	   |-- fabric-lifecycle-events-v1 2.2.23+1802ada577
	   |-- fabric-loot-api-v2 1.2.3+1802ada577
	   |-- fabric-loot-tables-v1 1.1.47+9e7660c677
	   |-- fabric-message-api-v1 5.1.10+1802ada577
	   |-- fabric-mining-level-api-v1 2.1.52+1802ada577
	   |-- fabric-model-loading-api-v1 1.0.4+1802ada577
	   |-- fabric-models-v0 0.4.3+9386d8a777
	   |-- fabric-networking-api-v1 1.3.15+0caff8d077
	   |-- fabric-networking-v0 0.3.55+df3654b377
	   |-- fabric-object-builder-api-v1 11.1.5+e35120df77
	   |-- fabric-particles-v1 1.1.3+1802ada577
	   |-- fabric-recipe-api-v1 1.0.25+1802ada577
	   |-- fabric-registry-sync-v0 2.4.1+4c0a70e677
	   |-- fabric-renderer-api-v1 3.2.2+1802ada577
	   |-- fabric-renderer-indigo 1.5.3+85287f9f77
	   |-- fabric-renderer-registries-v1 3.2.47+df3654b377
	   |-- fabric-rendering-data-attachment-v1 0.3.39+92a0d36777
	   |-- fabric-rendering-fluids-v1 3.0.29+1802ada577
	   |-- fabric-rendering-v0 1.1.50+df3654b377
	   |-- fabric-rendering-v1 3.0.9+1802ada577
	   |-- fabric-resource-conditions-api-v1 2.3.9+1802ada577
	   |-- fabric-resource-loader-v0 0.11.12+fb82e9d777
	   |-- fabric-screen-api-v1 2.0.9+1802ada577
	   |-- fabric-screen-handler-api-v1 1.3.34+1802ada577
	   |-- fabric-sound-api-v1 1.0.14+1802ada577
	   |-- fabric-transfer-api-v1 3.3.6+8dd72ea377
	   \-- fabric-transitive-access-wideners-v1 4.3.2+1802ada577
	- fabricloader 0.19.2
	   \-- mixinextras 0.5.4
	- java 17
	- minecraft 1.20.1
	- xaerominimap 25.3.12
	   \-- xaerolib 1.1.15
[23:41:57] [main/INFO]: SpongePowered MIXIN Subsystem Version=0.8.7 Source=file:/home/giorgi/GeoLauncher/minecraft/libraries/net/fabricmc/sponge-mixin/0.17.2+mixin.0.8.7/sponge-mixin-0.17.2+mixin.0.8.7.jar Service=Knot/Fabric Env=CLIENT
[23:41:57] [main/INFO]: Compatibility level set to JAVA_16
[23:41:57] [main/INFO]: Compatibility level set to JAVA_17
[23:41:58] [main/INFO]: Initializing MixinExtras via com.llamalad7.mixinextras.service.MixinExtrasServiceImpl(version=0.5.4).
[23:42:01] [Datafixer Bootstrap/INFO]: 188 Datafixer optimizations took 123 milliseconds
[23:42:02] [Render thread/INFO]: Environment: authHost='https://authserver.mojang.com', accountsHost='https://api.mojang.com', sessionHost='https://sessionserver.mojang.com', servicesHost='https://api.minecraftservices.com', name='PROD'
[23:42:03] [Render thread/ERROR]: Failed to verify authentication
com.mojang.authlib.exceptions.InvalidCredentialsException: Status: 401
	at com.mojang.authlib.exceptions.MinecraftClientHttpException.toAuthenticationException(MinecraftClientHttpException.java:56) ~[authlib-4.0.43.jar:?]
	at com.mojang.authlib.yggdrasil.YggdrasilUserApiService.fetchProperties(YggdrasilUserApiService.java:156) ~[authlib-4.0.43.jar:?]
	at com.mojang.authlib.yggdrasil.YggdrasilUserApiService.<init>(YggdrasilUserApiService.java:55) ~[authlib-4.0.43.jar:?]
	at com.mojang.authlib.yggdrasil.YggdrasilAuthenticationService.createUserApiService(YggdrasilAuthenticationService.java:124) ~[authlib-4.0.43.jar:?]
	at net.minecraft.class_310.method_31382(class_310.java:733) ~[client-intermediary.jar:?]
	at net.minecraft.class_310.<init>(class_310.java:442) ~[client-intermediary.jar:?]
	at net.minecraft.client.main.Main.main(Main.java:211) ~[fabric-loader-0.19.2-1.20.1.jar:?]
	at net.fabricmc.loader.impl.game.minecraft.MinecraftGameProvider.launch(MinecraftGameProvider.java:514) ~[fabric-loader-0.19.2.jar:?]
	at net.fabricmc.loader.impl.launch.knot.Knot.launch(Knot.java:72) ~[fabric-loader-0.19.2.jar:?]
	at net.fabricmc.loader.impl.launch.knot.KnotClient.main(KnotClient.java:23) ~[fabric-loader-0.19.2.jar:?]
Caused by: com.mojang.authlib.exceptions.MinecraftClientHttpException: Status: 401
	at com.mojang.authlib.minecraft.client.MinecraftClient.readInputStream(MinecraftClient.java:85) ~[authlib-4.0.43.jar:?]
	at com.mojang.authlib.minecraft.client.MinecraftClient.get(MinecraftClient.java:48) ~[authlib-4.0.43.jar:?]
	at com.mojang.authlib.yggdrasil.YggdrasilUserApiService.fetchProperties(YggdrasilUserApiService.java:129) ~[authlib-4.0.43.jar:?]
	... 8 more
[23:42:03] [Render thread/INFO]: Setting user: geocubert
[23:42:03] [Render thread/INFO]: [Indigo] Registering Indigo renderer!
[23:42:03] [Render thread/INFO]: Registering common data for channel xaerolib:main!
[23:42:03] [Render thread/INFO]: Registering client data for channel xaerolib:main!
[23:42:03] [Render thread/INFO]: Loading primary common config for channel xaerolib:main!
[23:42:03] [Render thread/INFO]: Loading server config profiles for channel xaerolib:main!
[23:42:03] [Render thread/INFO]: Loading primary client config for channel xaerolib:main!
[23:42:03] [Render thread/INFO]: Loading client config profiles for channel xaerolib:main!
[23:42:03] [Render thread/INFO]: Loading XaeroLib common 1/2!
[23:42:03] [Render thread/INFO]: Loading XaeroLib client 1/2!
[23:42:04] [Render thread/WARN]: io exception while checking patreon: Connect timed out
[23:42:04] [Render thread/INFO]: Registering common data for channel xaerominimap:main!
[23:42:04] [Render thread/INFO]: Registering client data for channel xaerominimap:main!
[23:42:04] [Render thread/INFO]: Loading primary common config for channel xaerominimap:main!
[23:42:04] [Render thread/INFO]: Loading server config profiles for channel xaerominimap:main!
[23:42:04] [Render thread/INFO]: Loading primary client config for channel xaerominimap:main!
[23:42:04] [Render thread/INFO]: Loading client config profiles for channel xaerominimap:main!
[23:42:04] [Render thread/INFO]: Loading Xaero's Minimap - Stage 1/2
[23:42:04] [Render thread/INFO]: Backend library: LWJGL version 3.3.1 SNAPSHOT
[23:42:05] [Render thread/WARN]: Removed resource pack file/MS Painted for 1.16 (v2.1) from options because it is no longer compatible
[23:42:05] [Worker-Main-1/ERROR]: Failed to retrieve profile key pair
java.io.IOException: Could not retrieve profile key pair
	at net.minecraft.class_7434.method_43605(class_7434.java:139) ~[client-intermediary.jar:?]
	at net.minecraft.class_7434.method_44291(class_7434.java:79) ~[client-intermediary.jar:?]
	at java.util.concurrent.CompletableFuture$AsyncSupply.run(CompletableFuture.java:1768) ~[?:?]
	at java.util.concurrent.CompletableFuture$AsyncSupply.exec(CompletableFuture.java:1760) ~[?:?]
	at java.util.concurrent.ForkJoinTask.doExec(ForkJoinTask.java:373) ~[?:?]
	at java.util.concurrent.ForkJoinPool$WorkQueue.topLevelExec(ForkJoinPool.java:1182) ~[?:?]
	at java.util.concurrent.ForkJoinPool.scan(ForkJoinPool.java:1655) ~[?:?]
	at java.util.concurrent.ForkJoinPool.runWorker(ForkJoinPool.java:1622) ~[?:?]
	at java.util.concurrent.ForkJoinWorkerThread.run(ForkJoinWorkerThread.java:165) ~[?:?]
[23:42:05] [Render thread/INFO]: Reloading ResourceManager: vanilla, fabric (fabric-api, fabric-api-base, fabric-api-lookup-api-v1, fabric-biome-api-v1, fabric-block-api-v1, fabric-block-view-api-v2, fabric-blockrenderlayer-v1, fabric-client-tags-api-v1, fabric-command-api-v1, fabric-command-api-v2, fabric-commands-v0, fabric-containers-v0, fabric-content-registries-v0, fabric-convention-tags-v1, fabric-crash-report-info-v1, fabric-data-attachment-api-v1, fabric-data-generation-api-v1, fabric-dimensions-v1, fabric-entity-events-v1, fabric-events-interaction-v0, fabric-events-lifecycle-v0, fabric-game-rule-api-v1, fabric-item-api-v1, fabric-item-group-api-v1, fabric-key-binding-api-v1, fabric-keybindings-v0, fabric-lifecycle-events-v1, fabric-loot-api-v2, fabric-loot-tables-v1, fabric-message-api-v1, fabric-mining-level-api-v1, fabric-model-loading-api-v1, fabric-models-v0, fabric-networking-api-v1, fabric-networking-v0, fabric-object-builder-api-v1, fabric-particles-v1, fabric-recipe-api-v1, fabric-registry-sync-v0, fabric-renderer-api-v1, fabric-renderer-indigo, fabric-renderer-registries-v1, fabric-rendering-data-attachment-v1, fabric-rendering-fluids-v1, fabric-rendering-v0, fabric-rendering-v1, fabric-resource-conditions-api-v1, fabric-resource-loader-v0, fabric-screen-api-v1, fabric-screen-handler-api-v1, fabric-sound-api-v1, fabric-transfer-api-v1, fabric-transitive-access-wideners-v1, fabricloader, xaerolib, xaerominimap)
[23:42:05] [Render thread/INFO]: Loading Xaero's Minimap - Stage 2/2
[23:42:05] [Worker-Main-3/INFO]: Found unifont_all_no_pua-15.0.06.hex, loading
[23:42:05] [Realms Notification Availability checker #1/INFO]: Could not authorize you against Realms server: javax.ws.rs.BadRequestException: Invalid session
[23:42:06] [Render thread/WARN]: io exception while checking versions: Connect timed out
[23:42:06] [Render thread/INFO]: Registered player tracker system: minimap_synced
[23:42:06] [Render thread/INFO]: No Optifine!
[23:42:06] [Render thread/INFO]: Xaero's Minimap: No Vivecraft!
[23:42:06] [Render thread/INFO]: Loading XaeroLib common 2/2!
[23:42:06] [Render thread/INFO]: Loading XaeroLib client 2/2!
[23:42:06] [Render thread/WARN]: Missing sound for event: minecraft:item.goat_horn.play
[23:42:06] [Render thread/WARN]: Missing sound for event: minecraft:entity.goat.screaming.horn_break
[23:42:06] [Render thread/INFO]: OpenAL initialized on device Built-in Audio Analog Stereo
[23:42:06] [Render thread/INFO]: Sound engine started
[23:42:07] [Render thread/INFO]: Created: 1024x512x0 minecraft:textures/atlas/blocks.png-atlas
[23:42:07] [Render thread/INFO]: Created: 256x256x0 minecraft:textures/atlas/signs.png-atlas
[23:42:07] [Render thread/INFO]: Created: 512x512x0 minecraft:textures/atlas/shield_patterns.png-atlas
[23:42:07] [Render thread/INFO]: Created: 512x512x0 minecraft:textures/atlas/banner_patterns.png-atlas
[23:42:07] [Render thread/INFO]: Created: 1024x1024x0 minecraft:textures/atlas/armor_trims.png-atlas
[23:42:07] [Render thread/INFO]: Created: 128x64x0 minecraft:textures/atlas/decorated_pot.png-atlas
[23:42:07] [Render thread/INFO]: Created: 256x256x0 minecraft:textures/atlas/chest.png-atlas
[23:42:07] [Render thread/INFO]: Created: 512x256x0 minecraft:textures/atlas/shulker_boxes.png-atlas
[23:42:07] [Render thread/INFO]: Created: 512x256x0 minecraft:textures/atlas/beds.png-atlas
[23:42:07] [Render thread/WARN]: Shader rendertype_entity_translucent_emissive could not find sampler named Sampler2 in the specified shader program.
[23:42:07] [Render thread/INFO]: Created: 256x256x0 minecraft:textures/atlas/particles.png-atlas
[23:42:07] [Render thread/INFO]: Created: 256x256x0 minecraft:textures/atlas/paintings.png-atlas
[23:42:07] [Render thread/INFO]: Created: 256x128x0 minecraft:textures/atlas/mob_effects.png-atlas
[23:42:07] [Render thread/INFO]: Successfully reloaded the XaeroLib shaders!
[23:42:12] [Render thread/INFO]: Found new data pack fabric, loading it automatically
[23:42:13] [Render thread/INFO]: Loaded 7 recipes
[23:42:13] [Render thread/INFO]: Loaded 1271 advancements
[23:42:14] [Render thread/INFO]: Applied 0 biome modifications to 0 of 64 new biomes in 1.322 ms
[23:42:14] [Server thread/INFO]: Starting integrated minecraft server version 1.20.1
[23:42:14] [Server thread/INFO]: Generating keypair
[23:42:15] [Server thread/INFO]: Preparing start region for dimension minecraft:overworld
[23:42:18] [Render thread/INFO]: Preparing spawn area: 0%
[23:42:18] [Render thread/INFO]: Preparing spawn area: 0%
[23:42:18] [Render thread/INFO]: Preparing spawn area: 0%
[23:42:18] [Render thread/INFO]: Preparing spawn area: 0%
[23:42:18] [Render thread/INFO]: Preparing spawn area: 0%
[23:42:18] [Render thread/INFO]: Preparing spawn area: 0%
[23:42:18] [Render thread/INFO]: Preparing spawn area: 0%
[23:42:19] [Render thread/INFO]: Preparing spawn area: 63%
[23:42:19] [Render thread/INFO]: Time elapsed: 3640 ms
[23:42:19] [Server thread/INFO]: Changing view distance to 12, from 10
[23:42:19] [Server thread/INFO]: Changing simulation distance to 12, from 0
[23:42:19] [Server thread/INFO]: geocubert[local:E:f50babc5] logged in with entity id 112 at (105.79079747684897, 90.0, 648.1716731782466)
[23:42:19] [Render thread/INFO]: Minimap required item set to nothing.
[23:42:19] [Render thread/INFO]: New Xaero hud session initialized!
[23:42:19] [Server thread/INFO]: geocubert joined the game
[23:42:20] [Render thread/INFO]: Minimap updated server level id: 160427911 for world ResourceKey[minecraft:dimension / minecraft:overworld]
[23:42:20] [Render thread/INFO]: Loaded 2 advancements
[23:42:20] [Render thread/INFO]: Reloading radar icon resources...
[23:42:20] [Render thread/INFO]: Reloaded radar icon resources!
[23:42:46] [Server thread/INFO]: Saving and pausing game...
[23:42:46] [Server thread/INFO]: Saving chunks for level 'ServerLevel[New World]'/minecraft:overworld
[23:42:46] [Server thread/INFO]: Saving chunks for level 'ServerLevel[New World]'/minecraft:the_end
[23:42:46] [Server thread/INFO]: Saving chunks for level 'ServerLevel[New World]'/minecraft:the_nether
[23:42:47] [Render thread/INFO]: Xaero hud session finalized.
[23:42:47] [Server thread/INFO]: geocubert lost connection: Disconnected
[23:42:47] [Server thread/INFO]: geocubert left the game
[23:42:47] [Server thread/INFO]: Stopping singleplayer server as player logged out
[23:42:47] [Server thread/INFO]: Stopping server
[23:42:47] [Server thread/INFO]: Saving players
[23:42:47] [Server thread/INFO]: Saving worlds
[23:42:49] [Server thread/INFO]: Saving chunks for level 'ServerLevel[New World]'/minecraft:overworld
[23:42:49] [Server thread/INFO]: Saving chunks for level 'ServerLevel[New World]'/minecraft:the_end
[23:42:49] [Server thread/INFO]: Saving chunks for level 'ServerLevel[New World]'/minecraft:the_nether
[23:42:49] [Server thread/INFO]: ThreadedAnvilChunkStorage (New World): All chunks are saved
[23:42:49] [Server thread/INFO]: ThreadedAnvilChunkStorage (DIM1): All chunks are saved
[23:42:49] [Server thread/INFO]: ThreadedAnvilChunkStorage (DIM-1): All chunks are saved
[23:42:49] [Server thread/INFO]: ThreadedAnvilChunkStorage: All dimensions are saved
[23:42:54] [Render thread/INFO]: Stopping!
